This file contains any messages produced by compilers while
running configure, to aid debugging if configure makes a mistake.

It was created by AUmbrales configure 2017.2, which was
generated by GNU Autoconf 2.69.  Invocation command line was

  $ ./configure 

## --------- ##
## Platform. ##
## --------- ##

hostname = jonatha-Inspiron-3137
uname -m = x86_64
uname -r = 4.4.0-71-generic
uname -s = Linux
uname -v = #92-Ubuntu SMP Fri Mar 24 12:59:01 UTC 2017

/usr/bin/uname -p = unknown
/bin/uname -X     = unknown

/bin/arch              = unknown
/usr/bin/arch -k       = unknown
/usr/convex/getsysinfo = unknown
/usr/bin/hostinfo      = unknown
/bin/machine           = unknown
/usr/bin/oslevel       = unknown
/bin/universe          = unknown

PATH: .
PATH: /opt/glassfish4/bin//usr/local/sbin
PATH: /usr/local/bin
PATH: /usr/sbin
PATH: /usr/bin
PATH: /sbin
PATH: /bin
PATH: /usr/games
PATH: /usr/local/games
PATH: /snap/bin
PATH: /home/jonatha//bin
PATH: /usr/local/java/jdk1.8.0_91/bin


## ----------- ##
## Core tests. ##
## ----------- ##

configure:2289: checking for a BSD-compatible install
configure:2357: result: /usr/bin/install -c
configure:2368: checking whether build environment is sane
configure:2423: result: yes
configure:2574: checking for a thread-safe mkdir -p
configure:2613: result: /bin/mkdir -p
configure:2620: checking for gawk
configure:2650: result: no
configure:2620: checking for mawk
configure:2636: found /usr/bin/mawk
configure:2647: result: mawk
configure:2658: checking whether make sets $(MAKE)
configure:2680: result: yes
configure:2709: checking whether make supports nested variables
configure:2726: result: yes
configure:2863: checking whether make supports nested variables
configure:2880: result: yes
configure:2920: checking build system type
configure:2934: result: x86_64-pc-linux-gnu
configure:2954: checking host system type
configure:2967: result: x86_64-pc-linux-gnu
configure:3008: checking how to print strings
configure:3035: result: printf
configure:3068: checking for style of include used by make
configure:3096: result: GNU
configure:3167: checking for gcc
configure:3183: found /usr/bin/gcc
configure:3194: result: gcc
configure:3423: checking for C compiler version
configure:3432: gcc --version >&5
gcc (Ubuntu 5.4.0-6ubuntu1~16.04.4) 5.4.0 20160609
Copyright (C) 2015 Free Software Foundation, Inc.
This is free software; see the source for copying conditions.  There is NO
warranty; not even for MERCHANTABILITY or FITNESS FOR A PARTICULAR PURPOSE.

configure:3443: $? = 0
configure:3432: gcc -v >&5
Using built-in specs.
COLLECT_GCC=gcc
COLLECT_LTO_WRAPPER=/usr/lib/gcc/x86_64-linux-gnu/5/lto-wrapper
Target: x86_64-linux-gnu
Configured with: ../src/configure -v --with-pkgversion='Ubuntu 5.4.0-6ubuntu1~16.04.4' --with-bugurl=file:///usr/share/doc/gcc-5/README.Bugs --enable-languages=c,ada,c++,java,go,d,fortran,objc,obj-c++ --prefix=/usr --program-suffix=-5 --enable-shared --enable-linker-build-id --libexecdir=/usr/lib --without-included-gettext --enable-threads=posix --libdir=/usr/lib --enable-nls --with-sysroot=/ --enable-clocale=gnu --enable-libstdcxx-debug --enable-libstdcxx-time=yes --with-default-libstdcxx-abi=new --enable-gnu-unique-object --disable-vtable-verify --enable-libmpx --enable-plugin --with-system-zlib --disable-browser-plugin --enable-java-awt=gtk --enable-gtk-cairo --with-java-home=/usr/lib/jvm/java-1.5.0-gcj-5-amd64/jre --enable-java-home --with-jvm-root-dir=/usr/lib/jvm/java-1.5.0-gcj-5-amd64 --with-jvm-jar-dir=/usr/lib/jvm-exports/java-1.5.0-gcj-5-amd64 --with-arch-directory=amd64 --with-ecj-jar=/usr/share/java/eclipse-ecj.jar --enable-objc-gc --enable-multiarch --disable-werror --with-arch-32=i686 --with-abi=m64 --with-multilib-list=m32,m64,mx32 --enable-multilib --with-tune=generic --enable-checking=release --build=x86_64-linux-gnu --host=x86_64-linux-gnu --target=x86_64-linux-gnu
Thread model: posix
gcc version 5.4.0 20160609 (Ubuntu 5.4.0-6ubuntu1~16.04.4) 
configure:3443: $? = 0
configure:3432: gcc -V >&5
gcc: error: unrecognized command line option '-V'
gcc: fatal error: no input files
compilation terminated.
configure:3443: $? = 1
configure:3432: gcc -qversion >&5
gcc: error: unrecognized command line option '-qversion'
gcc: fatal error: no input files
compilation terminated.
configure:3443: $? = 1
configure:3463: checking whether the C compiler works
configure:3485: gcc    conftest.c  >&5
configure:3489: $? = 0
configure:3537: result: yes
configure:3540: checking for C compiler default output file name
configure:3542: result: a.out
configure:3548: checking for suffix of executables
configure:3555: gcc -o conftest    conftest.c  >&5
configure:3559: $? = 0
configure:3581: result: 
configure:3603: checking whether we are cross compiling
configure:3611: gcc -o conftest    conftest.c  >&5
configure:3615: $? = 0
configure:3622: ./conftest
configure:3626: $? = 0
configure:3641: result: no
configure:3646: checking for suffix of object files
configure:3668: gcc -c   conftest.c >&5
configure:3672: $? = 0
configure:3693: result: o
configure:3697: checking whether we are using the GNU C compiler
configure:3716: gcc -c   conftest.c >&5
configure:3716: $? = 0
configure:3725: result: yes
configure:3734: checking whether gcc accepts -g
configure:3754: gcc -c -g  conftest.c >&5
configure:3754: $? = 0
configure:3795: result: yes
configure:3812: checking for gcc option to accept ISO C89
configure:3875: gcc  -c -g -O2  conftest.c >&5
configure:3875: $? = 0
configure:3888: result: none needed
configure:3913: checking whether gcc understands -c and -o together
configure:3935: gcc -c conftest.c -o conftest2.o
configure:3938: $? = 0
configure:3935: gcc -c conftest.c -o conftest2.o
configure:3938: $? = 0
configure:3950: result: yes
configure:3969: checking dependency style of gcc
configure:4080: result: gcc3
configure:4095: checking for a sed that does not truncate output
configure:4159: result: /bin/sed
configure:4177: checking for grep that handles long lines and -e
configure:4235: result: /bin/grep
configure:4240: checking for egrep
configure:4302: result: /bin/grep -E
configure:4307: checking for fgrep
configure:4369: result: /bin/grep -F
configure:4404: checking for ld used by gcc
configure:4471: result: /usr/bin/ld
configure:4478: checking if the linker (/usr/bin/ld) is GNU ld
configure:4493: result: yes
configure:4505: checking for BSD- or MS-compatible name lister (nm)
configure:4559: result: /usr/bin/nm -B
configure:4689: checking the name lister (/usr/bin/nm -B) interface
configure:4696: gcc -c -g -O2  conftest.c >&5
configure:4699: /usr/bin/nm -B "conftest.o"
configure:4702: output
0000000000000000 B some_variable
configure:4709: result: BSD nm
configure:4712: checking whether ln -s works
configure:4716: result: yes
configure:4724: checking the maximum length of command line arguments
configure:4855: result: 1635000
configure:4903: checking how to convert x86_64-pc-linux-gnu file names to x86_64-pc-linux-gnu format
configure:4943: result: func_convert_file_noop
configure:4950: checking how to convert x86_64-pc-linux-gnu file names to toolchain format
configure:4970: result: func_convert_file_noop
configure:4977: checking for /usr/bin/ld option to reload object files
configure:4984: result: -r
configure:5058: checking for objdump
configure:5074: found /usr/bin/objdump
configure:5085: result: objdump
configure:5117: checking how to recognize dependent libraries
configure:5317: result: pass_all
configure:5402: checking for dlltool
configure:5432: result: no
configure:5462: checking how to associate runtime and link libraries
configure:5489: result: printf %s\n
configure:5550: checking for ar
configure:5566: found /usr/bin/ar
configure:5577: result: ar
configure:5614: checking for archiver @FILE support
configure:5631: gcc -c -g -O2  conftest.c >&5
configure:5631: $? = 0
configure:5634: ar cru libconftest.a @conftest.lst >&5
ar: `u' modifier ignored since `D' is the default (see `U')
configure:5637: $? = 0
configure:5642: ar cru libconftest.a @conftest.lst >&5
ar: `u' modifier ignored since `D' is the default (see `U')
ar: conftest.o: No such file or directory
configure:5645: $? = 1
configure:5657: result: @
configure:5715: checking for strip
configure:5731: found /usr/bin/strip
configure:5742: result: strip
configure:5814: checking for ranlib
configure:5830: found /usr/bin/ranlib
configure:5841: result: ranlib
configure:5943: checking command to parse /usr/bin/nm -B output from gcc object
configure:6096: gcc -c -g -O2  conftest.c >&5
configure:6099: $? = 0
configure:6103: /usr/bin/nm -B conftest.o \| sed -n -e 's/^.*[ ]\([ABCDGIRSTW][ABCDGIRSTW]*\)[ ][ ]*\([_A-Za-z][_A-Za-z0-9]*\)$/\1 \2 \2/p' | sed '/ __gnu_lto/d' \> conftest.nm
configure:6106: $? = 0
configure:6172: gcc -o conftest -g -O2   conftest.c conftstm.o >&5
configure:6175: $? = 0
configure:6213: result: ok
configure:6260: checking for sysroot
configure:6290: result: no
configure:6297: checking for a working dd
configure:6335: result: /bin/dd
configure:6339: checking how to truncate binary pipes
configure:6354: result: /bin/dd bs=4096 count=1
configure:6490: gcc -c -g -O2  conftest.c >&5
configure:6493: $? = 0
configure:6683: checking for mt
configure:6699: found /bin/mt
configure:6710: result: mt
configure:6733: checking if mt is a manifest tool
configure:6739: mt '-?'
configure:6747: result: no
configure:7424: checking how to run the C preprocessor
configure:7455: gcc -E  conftest.c
configure:7455: $? = 0
configure:7469: gcc -E  conftest.c
conftest.c:11:28: fatal error: ac_nonexistent.h: No such file or directory
compilation terminated.
configure:7469: $? = 1
configure: failed program was:
| /* confdefs.h */
| #define PACKAGE_NAME "AUmbrales"
| #define PACKAGE_TARNAME "aumbrales"
| #define PACKAGE_VERSION "2017.2"
| #define PACKAGE_STRING "AUmbrales 2017.2"
| #define PACKAGE_BUGREPORT ""
| #define PACKAGE_URL ""
| #define PACKAGE "aumbrales"
| #define VERSION "2017.2"
| /* end confdefs.h.  */
| #include <ac_nonexistent.h>
configure:7494: result: gcc -E
configure:7514: gcc -E  conftest.c
configure:7514: $? = 0
configure:7528: gcc -E  conftest.c
conftest.c:11:28: fatal error: ac_nonexistent.h: No such file or directory
compilation terminated.
configure:7528: $? = 1
configure: failed program was:
| /* confdefs.h */
| #define PACKAGE_NAME "AUmbrales"
| #define PACKAGE_TARNAME "aumbrales"
| #define PACKAGE_VERSION "2017.2"
| #define PACKAGE_STRING "AUmbrales 2017.2"
| #define PACKAGE_BUGREPORT ""
| #define PACKAGE_URL ""
| #define PACKAGE "aumbrales"
| #define VERSION "2017.2"
| /* end confdefs.h.  */
| #include <ac_nonexistent.h>
configure:7557: checking for ANSI C header files
configure:7577: gcc -c -g -O2  conftest.c >&5
configure:7577: $? = 0
configure:7650: gcc -o conftest -g -O2   conftest.c  >&5
configure:7650: $? = 0
configure:7650: ./conftest
configure:7650: $? = 0
configure:7661: result: yes
configure:7674: checking for sys/types.h
configure:7674: gcc -c -g -O2  conftest.c >&5
configure:7674: $? = 0
configure:7674: result: yes
configure:7674: checking for sys/stat.h
configure:7674: gcc -c -g -O2  conftest.c >&5
configure:7674: $? = 0
configure:7674: result: yes
configure:7674: checking for stdlib.h
configure:7674: gcc -c -g -O2  conftest.c >&5
configure:7674: $? = 0
configure:7674: result: yes
configure:7674: checking for string.h
configure:7674: gcc -c -g -O2  conftest.c >&5
configure:7674: $? = 0
configure:7674: result: yes
configure:7674: checking for memory.h
configure:7674: gcc -c -g -O2  conftest.c >&5
configure:7674: $? = 0
configure:7674: result: yes
configure:7674: checking for strings.h
configure:7674: gcc -c -g -O2  conftest.c >&5
configure:7674: $? = 0
configure:7674: result: yes
configure:7674: checking for inttypes.h
configure:7674: gcc -c -g -O2  conftest.c >&5
configure:7674: $? = 0
configure:7674: result: yes
configure:7674: checking for stdint.h
configure:7674: gcc -c -g -O2  conftest.c >&5
configure:7674: $? = 0
configure:7674: result: yes
configure:7674: checking for unistd.h
configure:7674: gcc -c -g -O2  conftest.c >&5
configure:7674: $? = 0
configure:7674: result: yes
configure:7688: checking for dlfcn.h
configure:7688: gcc -c -g -O2  conftest.c >&5
configure:7688: $? = 0
configure:7688: result: yes
configure:7944: checking for objdir
configure:7959: result: .libs
configure:8223: checking if gcc supports -fno-rtti -fno-exceptions
configure:8241: gcc -c -g -O2  -fno-rtti -fno-exceptions conftest.c >&5
cc1: warning: command line option '-fno-rtti' is valid for C++/ObjC++ but not for C
configure:8245: $? = 0
configure:8258: result: no
configure:8616: checking for gcc option to produce PIC
configure:8623: result: -fPIC -DPIC
configure:8631: checking if gcc PIC flag -fPIC -DPIC works
configure:8649: gcc -c -g -O2  -fPIC -DPIC -DPIC conftest.c >&5
configure:8653: $? = 0
configure:8666: result: yes
configure:8695: checking if gcc static flag -static works
configure:8723: result: yes
configure:8738: checking if gcc supports -c -o file.o
configure:8759: gcc -c -g -O2  -o out/conftest2.o conftest.c >&5
configure:8763: $? = 0
configure:8785: result: yes
configure:8793: checking if gcc supports -c -o file.o
configure:8840: result: yes
configure:8873: checking whether the gcc linker (/usr/bin/ld -m elf_x86_64) supports shared libraries
configure:10136: result: yes
configure:10173: checking whether -lc should be explicitly linked in
configure:10181: gcc -c -g -O2  conftest.c >&5
configure:10184: $? = 0
configure:10199: gcc -shared  -fPIC -DPIC conftest.o  -v -Wl,-soname -Wl,conftest -o conftest 2\>\&1 \| /bin/grep  -lc  \>/dev/null 2\>\&1
configure:10202: $? = 0
configure:10216: result: no
configure:10376: checking dynamic linker characteristics
configure:10957: gcc -o conftest -g -O2   -Wl,-rpath -Wl,/foo conftest.c  >&5
configure:10957: $? = 0
configure:11206: result: GNU/Linux ld.so
configure:11328: checking how to hardcode library paths into programs
configure:11353: result: immediate
configure:11901: checking whether stripping libraries is possible
configure:11906: result: yes
configure:11941: checking if libtool supports shared libraries
configure:11943: result: yes
configure:11946: checking whether to build shared libraries
configure:11971: result: yes
configure:11974: checking whether to build static libraries
configure:11978: result: yes
configure:12064: checking for gcc
configure:12091: result: gcc
configure:12320: checking for C compiler version
configure:12329: gcc --version >&5
gcc (Ubuntu 5.4.0-6ubuntu1~16.04.4) 5.4.0 20160609
Copyright (C) 2015 Free Software Foundation, Inc.
This is free software; see the source for copying conditions.  There is NO
warranty; not even for MERCHANTABILITY or FITNESS FOR A PARTICULAR PURPOSE.

configure:12340: $? = 0
configure:12329: gcc -v >&5
Using built-in specs.
COLLECT_GCC=gcc
COLLECT_LTO_WRAPPER=/usr/lib/gcc/x86_64-linux-gnu/5/lto-wrapper
Target: x86_64-linux-gnu
Configured with: ../src/configure -v --with-pkgversion='Ubuntu 5.4.0-6ubuntu1~16.04.4' --with-bugurl=file:///usr/share/doc/gcc-5/README.Bugs --enable-languages=c,ada,c++,java,go,d,fortran,objc,obj-c++ --prefix=/usr --program-suffix=-5 --enable-shared --enable-linker-build-id --libexecdir=/usr/lib --without-included-gettext --enable-threads=posix --libdir=/usr/lib --enable-nls --with-sysroot=/ --enable-clocale=gnu --enable-libstdcxx-debug --enable-libstdcxx-time=yes --with-default-libstdcxx-abi=new --enable-gnu-unique-object --disable-vtable-verify --enable-libmpx --enable-plugin --with-system-zlib --disable-browser-plugin --enable-java-awt=gtk --enable-gtk-cairo --with-java-home=/usr/lib/jvm/java-1.5.0-gcj-5-amd64/jre --enable-java-home --with-jvm-root-dir=/usr/lib/jvm/java-1.5.0-gcj-5-amd64 --with-jvm-jar-dir=/usr/lib/jvm-exports/java-1.5.0-gcj-5-amd64 --with-arch-directory=amd64 --with-ecj-jar=/usr/share/java/eclipse-ecj.jar --enable-objc-gc --enable-multiarch --disable-werror --with-arch-32=i686 --with-abi=m64 --with-multilib-list=m32,m64,mx32 --enable-multilib --with-tune=generic --enable-checking=release --build=x86_64-linux-gnu --host=x86_64-linux-gnu --target=x86_64-linux-gnu
Thread model: posix
gcc version 5.4.0 20160609 (Ubuntu 5.4.0-6ubuntu1~16.04.4) 
configure:12340: $? = 0
configure:12329: gcc -V >&5
gcc: error: unrecognized command line option '-V'
gcc: fatal error: no input files
compilation terminated.
configure:12340: $? = 1
configure:12329: gcc -qversion >&5
gcc: error: unrecognized command line option '-qversion'
gcc: fatal error: no input files
compilation terminated.
configure:12340: $? = 1
configure:12344: checking whether we are using the GNU C compiler
configure:12372: result: yes
configure:12381: checking whether gcc accepts -g
configure:12442: result: yes
configure:12459: checking for gcc option to accept ISO C89
configure:12535: result: none needed
configure:12560: checking whether gcc understands -c and -o together
configure:12597: result: yes
configure:12616: checking dependency style of gcc
configure:12727: result: gcc3
configure:12747: checking for gcc option to accept ISO C99
configure:12896: gcc  -c -g -O2  conftest.c >&5
configure:12896: $? = 0
configure:12909: result: none needed
configure:13017: checking for gcc option to accept ISO Standard C
configure:13028: result: none needed
configure:13037: checking for valac
configure:13055: found /usr/bin/valac
configure:13068: result: /usr/bin/valac
configure:13077: checking whether /usr/bin/valac is at least version 0.30
configure:13085: result: yes
configure:13110: checking for valadoc
configure:13128: found /usr/bin/valadoc
configure:13140: result: /usr/bin/valadoc
configure:13170: checking for glib-compile-resources
configure:13188: found /usr/bin/glib-compile-resources
configure:13200: result: /usr/bin/glib-compile-resources
configure:13264: checking for pkg-config
configure:13282: found /usr/bin/pkg-config
configure:13294: result: /usr/bin/pkg-config
configure:13319: checking pkg-config is at least version 0.9.0
configure:13322: result: yes
configure:13332: checking for GEE
configure:13339: $PKG_CONFIG --exists --print-errors " gee-0.8 "
configure:13342: $? = 0
configure:13356: $PKG_CONFIG --exists --print-errors " gee-0.8 "
configure:13359: $? = 0
configure:13417: result: yes
configure:13429: checking for GTK
configure:13436: $PKG_CONFIG --exists --print-errors " gtk+-3.0 "
configure:13439: $? = 0
configure:13453: $PKG_CONFIG --exists --print-errors " gtk+-3.0 "
configure:13456: $? = 0
configure:13514: result: yes
configure:13526: checking for SQLITE
configure:13533: $PKG_CONFIG --exists --print-errors " sqlite3  "
configure:13536: $? = 0
configure:13550: $PKG_CONFIG --exists --print-errors " sqlite3  "
configure:13553: $? = 0
configure:13611: result: yes
configure:13623: checking for GIO
configure:13630: $PKG_CONFIG --exists --print-errors " gio-2.0  "
configure:13633: $? = 0
configure:13647: $PKG_CONFIG --exists --print-errors " gio-2.0  "
configure:13650: $? = 0
configure:13708: result: yes
configure:13867: checking that generated files are newer than configure
configure:13873: result: done
configure:13904: creating ./config.status

## ---------------------- ##
## Running config.status. ##
## ---------------------- ##

This file was extended by AUmbrales config.status 2017.2, which was
generated by GNU Autoconf 2.69.  Invocation command line was

  CONFIG_FILES    = 
  CONFIG_HEADERS  = 
  CONFIG_LINKS    = 
  CONFIG_COMMANDS = 
  $ ./config.status 

on jonatha-Inspiron-3137

config.status:1030: creating Makefile
config.status:1202: executing depfiles commands
config.status:1202: executing libtool commands

## ---------------- ##
## Cache variables. ##
## ---------------- ##

ac_cv_build=x86_64-pc-linux-gnu
ac_cv_c_compiler_gnu=yes
ac_cv_env_CC_set=
ac_cv_env_CC_value=
ac_cv_env_CFLAGS_set=
ac_cv_env_CFLAGS_value=
ac_cv_env_CPPFLAGS_set=
ac_cv_env_CPPFLAGS_value=
ac_cv_env_CPP_set=
ac_cv_env_CPP_value=
ac_cv_env_GEE_CFLAGS_set=
ac_cv_env_GEE_CFLAGS_value=
ac_cv_env_GEE_LIBS_set=
ac_cv_env_GEE_LIBS_value=
ac_cv_env_GIO_CFLAGS_set=
ac_cv_env_GIO_CFLAGS_value=
ac_cv_env_GIO_LIBS_set=
ac_cv_env_GIO_LIBS_value=
ac_cv_env_GTK_CFLAGS_set=
ac_cv_env_GTK_CFLAGS_value=
ac_cv_env_GTK_LIBS_set=
ac_cv_env_GTK_LIBS_value=
ac_cv_env_LDFLAGS_set=
ac_cv_env_LDFLAGS_value=
ac_cv_env_LIBS_set=
ac_cv_env_LIBS_value=
ac_cv_env_LT_SYS_LIBRARY_PATH_set=
ac_cv_env_LT_SYS_LIBRARY_PATH_value=
ac_cv_env_PKG_CONFIG_LIBDIR_set=
ac_cv_env_PKG_CONFIG_LIBDIR_value=
ac_cv_env_PKG_CONFIG_PATH_set=
ac_cv_env_PKG_CONFIG_PATH_value=
ac_cv_env_PKG_CONFIG_set=
ac_cv_env_PKG_CONFIG_value=
ac_cv_env_SQLITE_CFLAGS_set=
ac_cv_env_SQLITE_CFLAGS_value=
ac_cv_env_SQLITE_LIBS_set=
ac_cv_env_SQLITE_LIBS_value=
ac_cv_env_build_alias_set=
ac_cv_env_build_alias_value=
ac_cv_env_host_alias_set=
ac_cv_env_host_alias_value=
ac_cv_env_target_alias_set=
ac_cv_env_target_alias_value=
ac_cv_header_dlfcn_h=yes
ac_cv_header_inttypes_h=yes
ac_cv_header_memory_h=yes
ac_cv_header_stdc=yes
ac_cv_header_stdint_h=yes
ac_cv_header_stdlib_h=yes
ac_cv_header_string_h=yes
ac_cv_header_strings_h=yes
ac_cv_header_sys_stat_h=yes
ac_cv_header_sys_types_h=yes
ac_cv_header_unistd_h=yes
ac_cv_host=x86_64-pc-linux-gnu
ac_cv_objext=o
ac_cv_path_EGREP='/bin/grep -E'
ac_cv_path_FGREP='/bin/grep -F'
ac_cv_path_GLIB_COMPILE_RESOURCES=/usr/bin/glib-compile-resources
ac_cv_path_GREP=/bin/grep
ac_cv_path_SED=/bin/sed
ac_cv_path_VALAC=/usr/bin/valac
ac_cv_path_VALADOC=/usr/bin/valadoc
ac_cv_path_ac_pt_PKG_CONFIG=/usr/bin/pkg-config
ac_cv_path_install='/usr/bin/install -c'
ac_cv_path_lt_DD=/bin/dd
ac_cv_path_mkdir=/bin/mkdir
ac_cv_prog_AWK=mawk
ac_cv_prog_CPP='gcc -E'
ac_cv_prog_ac_ct_AR=ar
ac_cv_prog_ac_ct_CC=gcc
ac_cv_prog_ac_ct_MANIFEST_TOOL=mt
ac_cv_prog_ac_ct_OBJDUMP=objdump
ac_cv_prog_ac_ct_RANLIB=ranlib
ac_cv_prog_ac_ct_STRIP=strip
ac_cv_prog_cc_c89=
ac_cv_prog_cc_c99=
ac_cv_prog_cc_g=yes
ac_cv_prog_cc_stdc=
ac_cv_prog_make_make_set=yes
am_cv_CC_dependencies_compiler_type=gcc3
am_cv_make_support_nested_variables=yes
am_cv_prog_cc_c_o=yes
lt_cv_ar_at_file=@
lt_cv_archive_cmds_need_lc=no
lt_cv_deplibs_check_method=pass_all
lt_cv_file_magic_cmd='$MAGIC_CMD'
lt_cv_file_magic_test_file=
lt_cv_ld_reload_flag=-r
lt_cv_nm_interface='BSD nm'
lt_cv_objdir=.libs
lt_cv_path_LD=/usr/bin/ld
lt_cv_path_NM='/usr/bin/nm -B'
lt_cv_path_mainfest_tool=no
lt_cv_prog_compiler_c_o=yes
lt_cv_prog_compiler_pic='-fPIC -DPIC'
lt_cv_prog_compiler_pic_works=yes
lt_cv_prog_compiler_rtti_exceptions=no
lt_cv_prog_compiler_static_works=yes
lt_cv_prog_gnu_ld=yes
lt_cv_sharedlib_from_linklib_cmd='printf %s\n'
lt_cv_shlibpath_overrides_runpath=no
lt_cv_sys_global_symbol_pipe='sed -n -e '\''s/^.*[	 ]\([ABCDGIRSTW][ABCDGIRSTW]*\)[	 ][	 ]*\([_A-Za-z][_A-Za-z0-9]*\)$/\1 \2 \2/p'\'' | sed '\''/ __gnu_lto/d'\'''
lt_cv_sys_global_symbol_to_c_name_address='sed -n -e '\''s/^: \(.*\) .*$/  {"\1", (void *) 0},/p'\'' -e '\''s/^[ABCDGIRSTW][ABCDGIRSTW]* .* \(.*\)$/  {"\1", (void *) \&\1},/p'\'''
lt_cv_sys_global_symbol_to_c_name_address_lib_prefix='sed -n -e '\''s/^: \(.*\) .*$/  {"\1", (void *) 0},/p'\'' -e '\''s/^[ABCDGIRSTW][ABCDGIRSTW]* .* \(lib.*\)$/  {"\1", (void *) \&\1},/p'\'' -e '\''s/^[ABCDGIRSTW][ABCDGIRSTW]* .* \(.*\)$/  {"lib\1", (void *) \&\1},/p'\'''
lt_cv_sys_global_symbol_to_cdecl='sed -n -e '\''s/^T .* \(.*\)$/extern int \1();/p'\'' -e '\''s/^[ABCDGIRSTW][ABCDGIRSTW]* .* \(.*\)$/extern char \1;/p'\'''
lt_cv_sys_global_symbol_to_import=
lt_cv_sys_max_cmd_len=1635000
lt_cv_to_host_file_cmd=func_convert_file_noop
lt_cv_to_tool_file_cmd=func_convert_file_noop
lt_cv_truncate_bin='/bin/dd bs=4096 count=1'
pkg_cv_GEE_CFLAGS='-I/usr/include/gee-0.8 -I/usr/include/glib-2.0 -I/usr/lib/x86_64-linux-gnu/glib-2.0/include'
pkg_cv_GEE_LIBS='-lgee-0.8 -lgobject-2.0 -lglib-2.0'
pkg_cv_GIO_CFLAGS='-pthread -I/usr/include/glib-2.0 -I/usr/lib/x86_64-linux-gnu/glib-2.0/include'
pkg_cv_GIO_LIBS='-lgio-2.0 -lgobject-2.0 -lglib-2.0'
pkg_cv_GTK_CFLAGS='-pthread -I/usr/include/gtk-3.0 -I/usr/include/at-spi2-atk/2.0 -I/usr/include/at-spi-2.0 -I/usr/include/dbus-1.0 -I/usr/lib/x86_64-linux-gnu/dbus-1.0/include -I/usr/include/gtk-3.0 -I/usr/include/gio-unix-2.0/ -I/usr/include/mirclient -I/usr/include/mircommon -I/usr/include/mircookie -I/usr/include/cairo -I/usr/include/pango-1.0 -I/usr/include/harfbuzz -I/usr/include/pango-1.0 -I/usr/include/atk-1.0 -I/usr/include/cairo -I/usr/include/pixman-1 -I/usr/include/freetype2 -I/usr/include/libpng12 -I/usr/include/gdk-pixbuf-2.0 -I/usr/include/libpng12 -I/usr/include/glib-2.0 -I/usr/lib/x86_64-linux-gnu/glib-2.0/include'
pkg_cv_GTK_LIBS='-lgtk-3 -lgdk-3 -lpangocairo-1.0 -lpango-1.0 -latk-1.0 -lcairo-gobject -lcairo -lgdk_pixbuf-2.0 -lgio-2.0 -lgobject-2.0 -lglib-2.0'
pkg_cv_SQLITE_CFLAGS=
pkg_cv_SQLITE_LIBS=-lsqlite3

## ----------------- ##
## Output variables. ##
## ----------------- ##

ACLOCAL='${SHELL} /home/jonatha/Documentos/8vo/Seminario/AceptacionPorUmbrales/AUmbrales/build-aux/missing aclocal-1.15'
AMDEPBACKSLASH='\'
AMDEP_FALSE='#'
AMDEP_TRUE=''
AMTAR='$${TAR-tar}'
AM_BACKSLASH='\'
AM_DEFAULT_V='$(AM_DEFAULT_VERBOSITY)'
AM_DEFAULT_VERBOSITY='0'
AM_V='$(V)'
AR='ar'
AUTOCONF='${SHELL} /home/jonatha/Documentos/8vo/Seminario/AceptacionPorUmbrales/AUmbrales/build-aux/missing autoconf'
AUTOHEADER='${SHELL} /home/jonatha/Documentos/8vo/Seminario/AceptacionPorUmbrales/AUmbrales/build-aux/missing autoheader'
AUTOMAKE='${SHELL} /home/jonatha/Documentos/8vo/Seminario/AceptacionPorUmbrales/AUmbrales/build-aux/missing automake-1.15'
AWK='mawk'
CC='gcc'
CCDEPMODE='depmode=gcc3'
CFLAGS='-g -O2'
CPP='gcc -E'
CPPFLAGS=''
CYGPATH_W='echo'
DEFS='-DPACKAGE_NAME=\"AUmbrales\" -DPACKAGE_TARNAME=\"aumbrales\" -DPACKAGE_VERSION=\"2017.2\" -DPACKAGE_STRING=\"AUmbrales\ 2017.2\" -DPACKAGE_BUGREPORT=\"\" -DPACKAGE_URL=\"\" -DPACKAGE=\"aumbrales\" -DVERSION=\"2017.2\" -DSTDC_HEADERS=1 -DHAVE_SYS_TYPES_H=1 -DHAVE_SYS_STAT_H=1 -DHAVE_STDLIB_H=1 -DHAVE_STRING_H=1 -DHAVE_MEMORY_H=1 -DHAVE_STRINGS_H=1 -DHAVE_INTTYPES_H=1 -DHAVE_STDINT_H=1 -DHAVE_UNISTD_H=1 -DHAVE_DLFCN_H=1 -DLT_OBJDIR=\".libs/\"'
DEPDIR='.deps'
DLLTOOL='false'
DSYMUTIL=''
DUMPBIN=''
ECHO_C=''
ECHO_N='-n'
ECHO_T=''
EGREP='/bin/grep -E'
EXEEXT=''
FGREP='/bin/grep -F'
GEE_CFLAGS='-I/usr/include/gee-0.8 -I/usr/include/glib-2.0 -I/usr/lib/x86_64-linux-gnu/glib-2.0/include'
GEE_LIBS='-lgee-0.8 -lgobject-2.0 -lglib-2.0'
GEE_PACKAGES='--pkg gee-0.8'
GIO_CFLAGS='-pthread -I/usr/include/glib-2.0 -I/usr/lib/x86_64-linux-gnu/glib-2.0/include'
GIO_LIBS='-lgio-2.0 -lgobject-2.0 -lglib-2.0'
GIO_PACKAGES='--pkg gio-2.0'
GLIB_COMPILE_RESOURCES='/usr/bin/glib-compile-resources'
GREP='/bin/grep'
GTK_CFLAGS='-pthread -I/usr/include/gtk-3.0 -I/usr/include/at-spi2-atk/2.0 -I/usr/include/at-spi-2.0 -I/usr/include/dbus-1.0 -I/usr/lib/x86_64-linux-gnu/dbus-1.0/include -I/usr/include/gtk-3.0 -I/usr/include/gio-unix-2.0/ -I/usr/include/mirclient -I/usr/include/mircommon -I/usr/include/mircookie -I/usr/include/cairo -I/usr/include/pango-1.0 -I/usr/include/harfbuzz -I/usr/include/pango-1.0 -I/usr/include/atk-1.0 -I/usr/include/cairo -I/usr/include/pixman-1 -I/usr/include/freetype2 -I/usr/include/libpng12 -I/usr/include/gdk-pixbuf-2.0 -I/usr/include/libpng12 -I/usr/include/glib-2.0 -I/usr/lib/x86_64-linux-gnu/glib-2.0/include'
GTK_LIBS='-lgtk-3 -lgdk-3 -lpangocairo-1.0 -lpango-1.0 -latk-1.0 -lcairo-gobject -lcairo -lgdk_pixbuf-2.0 -lgio-2.0 -lgobject-2.0 -lglib-2.0'
GTK_PACKAGES='--pkg gtk+-3.0'
HAVE_VALADOC_FALSE='#'
HAVE_VALADOC_TRUE=''
INSTALL_DATA='${INSTALL} -m 644'
INSTALL_PROGRAM='${INSTALL}'
INSTALL_SCRIPT='${INSTALL}'
INSTALL_STRIP_PROGRAM='$(install_sh) -c -s'
LD='/usr/bin/ld -m elf_x86_64'
LDFLAGS=''
LIBOBJS=''
LIBS=''
LIBTOOL='$(SHELL) $(top_builddir)/libtool'
LIPO=''
LN_S='ln -s'
LTLIBOBJS=''
LT_SYS_LIBRARY_PATH=''
MAKEINFO='${SHELL} /home/jonatha/Documentos/8vo/Seminario/AceptacionPorUmbrales/AUmbrales/build-aux/missing makeinfo'
MANIFEST_TOOL=':'
MKDIR_P='/bin/mkdir -p'
NM='/usr/bin/nm -B'
NMEDIT=''
OBJDUMP='objdump'
OBJEXT='o'
OTOOL64=''
OTOOL=''
PACKAGE='aumbrales'
PACKAGE_BUGREPORT=''
PACKAGE_NAME='AUmbrales'
PACKAGE_STRING='AUmbrales 2017.2'
PACKAGE_TARNAME='aumbrales'
PACKAGE_URL=''
PACKAGE_VERSION='2017.2'
PATH_SEPARATOR=':'
PKG_CONFIG='/usr/bin/pkg-config'
PKG_CONFIG_LIBDIR=''
PKG_CONFIG_PATH=''
RANLIB='ranlib'
SED='/bin/sed'
SET_MAKE=''
SHELL='/bin/bash'
SQLITE_CFLAGS=''
SQLITE_LIBS='-lsqlite3'
SQLITE_PACKAGES='--pkg sqlite3'
STRIP='strip'
VALAC='/usr/bin/valac'
VALADOC='/usr/bin/valadoc'
VERSION='2017.2'
ac_ct_AR='ar'
ac_ct_CC='gcc'
ac_ct_DUMPBIN=''
am__EXEEXT_FALSE=''
am__EXEEXT_TRUE='#'
am__fastdepCC_FALSE='#'
am__fastdepCC_TRUE=''
am__include='include'
am__isrc=''
am__leading_dot='.'
am__nodep='_no'
am__quote=''
am__tar='$${TAR-tar} chof - "$$tardir"'
am__untar='$${TAR-tar} xf -'
bindir='${exec_prefix}/bin'
build='x86_64-pc-linux-gnu'
build_alias=''
build_cpu='x86_64'
build_os='linux-gnu'
build_vendor='pc'
datadir='${datarootdir}'
datarootdir='${prefix}/share'
docdir='${datarootdir}/doc/${PACKAGE_TARNAME}'
dvidir='${docdir}'
exec_prefix='${prefix}'
host='x86_64-pc-linux-gnu'
host_alias=''
host_cpu='x86_64'
host_os='linux-gnu'
host_vendor='pc'
htmldir='${docdir}'
includedir='${prefix}/include'
infodir='${datarootdir}/info'
install_sh='${SHELL} /home/jonatha/Documentos/8vo/Seminario/AceptacionPorUmbrales/AUmbrales/build-aux/install-sh'
libdir='${exec_prefix}/lib'
libexecdir='${exec_prefix}/libexec'
localedir='${datarootdir}/locale'
localstatedir='${prefix}/var'
mandir='${datarootdir}/man'
mkdir_p='$(MKDIR_P)'
oldincludedir='/usr/include'
pdfdir='${docdir}'
prefix='/usr/local'
program_transform_name='s,x,x,'
psdir='${docdir}'
runstatedir='${localstatedir}/run'
sbindir='${exec_prefix}/sbin'
sharedstatedir='${prefix}/com'
sysconfdir='${prefix}/etc'
target_alias=''

## ----------- ##
## confdefs.h. ##
## ----------- ##

/* confdefs.h */
#define PACKAGE_NAME "AUmbrales"
#define PACKAGE_TARNAME "aumbrales"
#define PACKAGE_VERSION "2017.2"
#define PACKAGE_STRING "AUmbrales 2017.2"
#define PACKAGE_BUGREPORT ""
#define PACKAGE_URL ""
#define PACKAGE "aumbrales"
#define VERSION "2017.2"
#define STDC_HEADERS 1
#define HAVE_SYS_TYPES_H 1
#define HAVE_SYS_STAT_H 1
#define HAVE_STDLIB_H 1
#define HAVE_STRING_H 1
#define HAVE_MEMORY_H 1
#define HAVE_STRINGS_H 1
#define HAVE_INTTYPES_H 1
#define HAVE_STDINT_H 1
#define HAVE_UNISTD_H 1
#define HAVE_DLFCN_H 1
#define LT_OBJDIR ".libs/"

configure: exit 0
